2018-08-01 11:44:14,831 p=52438 u=root |  PLAY [Demonstrates pre and post tasks] ************************************************
2018-08-01 11:44:14,840 p=52438 u=root |  TASK [Gathering Facts] ****************************************************************
2018-08-01 11:44:15,664 p=52438 u=root |  ok: [ubuntu4]
2018-08-01 11:44:15,678 p=52438 u=root |  ok: [ubuntu5]
2018-08-01 11:44:15,742 p=52438 u=root |  ok: [ubuntu1]
2018-08-01 11:44:15,747 p=52438 u=root |  ok: [ubuntu3]
2018-08-01 11:44:15,753 p=52438 u=root |  ok: [ubuntu2]
2018-08-01 11:44:15,761 p=52438 u=root |  TASK [This is a pre task] *************************************************************
2018-08-01 11:44:15,814 p=52438 u=root |  ok: [ubuntu1] => {
    "msg": "Pre Task ..."
}
2018-08-01 11:44:15,839 p=52438 u=root |  ok: [ubuntu2] => {
    "msg": "Pre Task ..."
}
2018-08-01 11:44:15,840 p=52438 u=root |  ok: [ubuntu4] => {
    "msg": "Pre Task ..."
}
2018-08-01 11:44:15,854 p=52438 u=root |  ok: [ubuntu5] => {
    "msg": "Pre Task ..."
}
2018-08-01 11:44:15,876 p=52438 u=root |  ok: [ubuntu3] => {
    "msg": "Pre Task ..."
}
2018-08-01 11:44:15,886 p=52438 u=root |  TASK [This is a task] *****************************************************************
2018-08-01 11:44:15,954 p=52438 u=root |  ok: [ubuntu1] => {
    "msg": "Task ..."
}
2018-08-01 11:44:15,976 p=52438 u=root |  ok: [ubuntu2] => {
    "msg": "Task ..."
}
2018-08-01 11:44:15,977 p=52438 u=root |  ok: [ubuntu4] => {
    "msg": "Task ..."
}
2018-08-01 11:44:15,990 p=52438 u=root |  ok: [ubuntu5] => {
    "msg": "Task ..."
}
2018-08-01 11:44:16,015 p=52438 u=root |  ok: [ubuntu3] => {
    "msg": "Task ..."
}
2018-08-01 11:44:16,024 p=52438 u=root |  TASK [This is a post task] ************************************************************
2018-08-01 11:44:16,092 p=52438 u=root |  ok: [ubuntu1] => {
    "msg": "Post task ..."
}
2018-08-01 11:44:16,116 p=52438 u=root |  ok: [ubuntu2] => {
    "msg": "Post task ..."
}
2018-08-01 11:44:16,125 p=52438 u=root |  ok: [ubuntu4] => {
    "msg": "Post task ..."
}
2018-08-01 11:44:16,131 p=52438 u=root |  ok: [ubuntu5] => {
    "msg": "Post task ..."
}
2018-08-01 11:44:16,155 p=52438 u=root |  ok: [ubuntu3] => {
    "msg": "Post task ..."
}
2018-08-01 11:44:16,158 p=52438 u=root |  PLAY RECAP ****************************************************************************
2018-08-01 11:44:16,158 p=52438 u=root |  ubuntu1                    : ok=4    changed=0    unreachable=0    failed=0   
2018-08-01 11:44:16,158 p=52438 u=root |  ubuntu2                    : ok=4    changed=0    unreachable=0    failed=0   
2018-08-01 11:44:16,158 p=52438 u=root |  ubuntu3                    : ok=4    changed=0    unreachable=0    failed=0   
2018-08-01 11:44:16,159 p=52438 u=root |  ubuntu4                    : ok=4    changed=0    unreachable=0    failed=0   
2018-08-01 11:44:16,159 p=52438 u=root |  ubuntu5                    : ok=4    changed=0    unreachable=0    failed=0   
2018-08-01 11:46:13,127 p=53126 u=root |  PLAY [Demonstrates pre and post tasks] ************************************************
2018-08-01 11:46:13,136 p=53126 u=root |  TASK [Gathering Facts] ****************************************************************
2018-08-01 11:46:14,007 p=53126 u=root |  ok: [ubuntu5]
2018-08-01 11:46:14,076 p=53126 u=root |  ok: [ubuntu4]
2018-08-01 11:46:14,086 p=53126 u=root |  ok: [ubuntu2]
2018-08-01 11:46:14,108 p=53126 u=root |  ok: [ubuntu1]
2018-08-01 11:46:14,120 p=53126 u=root |  ok: [ubuntu3]
2018-08-01 11:46:14,128 p=53126 u=root |  TASK [This is a pre task] *************************************************************
2018-08-01 11:46:14,184 p=53126 u=root |  ok: [ubuntu1] => {
    "msg": "Pre Task ..."
}
2018-08-01 11:46:14,204 p=53126 u=root |  ok: [ubuntu2] => {
    "msg": "Pre Task ..."
}
2018-08-01 11:46:14,204 p=53126 u=root |  ok: [ubuntu4] => {
    "msg": "Pre Task ..."
}
2018-08-01 11:46:14,226 p=53126 u=root |  ok: [ubuntu5] => {
    "msg": "Pre Task ..."
}
2018-08-01 11:46:14,244 p=53126 u=root |  ok: [ubuntu3] => {
    "msg": "Pre Task ..."
}
2018-08-01 11:46:14,255 p=53126 u=root |  TASK [This is a task] *****************************************************************
2018-08-01 11:46:14,310 p=53126 u=root |  ok: [ubuntu1] => {
    "msg": "Task ..."
}
2018-08-01 11:46:14,328 p=53126 u=root |  ok: [ubuntu2] => {
    "msg": "Task ..."
}
2018-08-01 11:46:14,329 p=53126 u=root |  ok: [ubuntu4] => {
    "msg": "Task ..."
}
2018-08-01 11:46:14,344 p=53126 u=root |  ok: [ubuntu5] => {
    "msg": "Task ..."
}
2018-08-01 11:46:14,367 p=53126 u=root |  ok: [ubuntu3] => {
    "msg": "Task ..."
}
2018-08-01 11:46:14,376 p=53126 u=root |  TASK [This is a post task] ************************************************************
2018-08-01 11:46:14,445 p=53126 u=root |  ok: [ubuntu1] => {
    "msg": "Post task ..."
}
2018-08-01 11:46:14,465 p=53126 u=root |  ok: [ubuntu2] => {
    "msg": "Post task ..."
}
2018-08-01 11:46:14,469 p=53126 u=root |  ok: [ubuntu4] => {
    "msg": "Post task ..."
}
2018-08-01 11:46:14,490 p=53126 u=root |  ok: [ubuntu5] => {
    "msg": "Post task ..."
}
2018-08-01 11:46:14,505 p=53126 u=root |  ok: [ubuntu3] => {
    "msg": "Post task ..."
}
2018-08-01 11:46:14,508 p=53126 u=root |  PLAY RECAP ****************************************************************************
2018-08-01 11:46:14,508 p=53126 u=root |  ubuntu1                    : ok=4    changed=0    unreachable=0    failed=0   
2018-08-01 11:46:14,508 p=53126 u=root |  ubuntu2                    : ok=4    changed=0    unreachable=0    failed=0   
2018-08-01 11:46:14,508 p=53126 u=root |  ubuntu3                    : ok=4    changed=0    unreachable=0    failed=0   
2018-08-01 11:46:14,508 p=53126 u=root |  ubuntu4                    : ok=4    changed=0    unreachable=0    failed=0   
2018-08-01 11:46:14,509 p=53126 u=root |  ubuntu5                    : ok=4    changed=0    unreachable=0    failed=0   
2018-08-01 11:46:32,397 p=53410 u=root |  PLAY [Demonstrates pre and post tasks] ************************************************
2018-08-01 11:46:32,405 p=53410 u=root |  TASK [Gathering Facts] ****************************************************************
2018-08-01 11:46:33,064 p=53410 u=root |  ok: [ubuntu4]
2018-08-01 11:46:33,104 p=53410 u=root |  ok: [ubuntu1]
2018-08-01 11:46:33,124 p=53410 u=root |  ok: [ubuntu2]
2018-08-01 11:46:33,429 p=53410 u=root |  ok: [ubuntu3]
2018-08-01 11:46:34,079 p=53410 u=root |  ok: [ubuntu5]
2018-08-01 11:46:57,989 p=53410 u=root |   [ERROR]: User interrupted execution

2018-08-01 11:47:05,753 p=53608 u=root |  PLAY [Demonstrates pre and post tasks] ************************************************
2018-08-01 11:47:05,761 p=53608 u=root |  TASK [Gathering Facts] ****************************************************************
2018-08-01 11:47:06,492 p=53608 u=root |  ok: [ubuntu5]
2018-08-01 11:47:06,500 p=53608 u=root |  ok: [ubuntu4]
2018-08-01 11:47:06,531 p=53608 u=root |  ok: [ubuntu2]
2018-08-01 11:47:06,563 p=53608 u=root |  ok: [ubuntu1]
2018-08-01 11:47:06,635 p=53608 u=root |  ok: [ubuntu6]
2018-08-01 11:47:06,862 p=53608 u=root |  ok: [ubuntu3]
2018-08-01 11:47:06,870 p=53608 u=root |  TASK [This is a pre task] *************************************************************
2018-08-01 11:47:06,929 p=53608 u=root |  ok: [ubuntu6] => {
    "msg": "Pre Task ..."
}
2018-08-01 11:47:06,945 p=53608 u=root |  ok: [ubuntu1] => {
    "msg": "Pre Task ..."
}
2018-08-01 11:47:06,963 p=53608 u=root |  ok: [ubuntu2] => {
    "msg": "Pre Task ..."
}
2018-08-01 11:47:06,979 p=53608 u=root |  ok: [ubuntu5] => {
    "msg": "Pre Task ..."
}
2018-08-01 11:47:06,979 p=53608 u=root |  ok: [ubuntu4] => {
    "msg": "Pre Task ..."
}
2018-08-01 11:47:07,003 p=53608 u=root |  ok: [ubuntu3] => {
    "msg": "Pre Task ..."
}
2018-08-01 11:47:07,012 p=53608 u=root |  TASK [This is a task] *****************************************************************
2018-08-01 11:47:07,056 p=53608 u=root |  ok: [ubuntu6] => {
    "msg": "Task ..."
}
2018-08-01 11:47:07,095 p=53608 u=root |  ok: [ubuntu1] => {
    "msg": "Task ..."
}
2018-08-01 11:47:07,114 p=53608 u=root |  ok: [ubuntu2] => {
    "msg": "Task ..."
}
2018-08-01 11:47:07,115 p=53608 u=root |  ok: [ubuntu4] => {
    "msg": "Task ..."
}
2018-08-01 11:47:07,133 p=53608 u=root |  ok: [ubuntu5] => {
    "msg": "Task ..."
}
2018-08-01 11:47:07,148 p=53608 u=root |  ok: [ubuntu3] => {
    "msg": "Task ..."
}
2018-08-01 11:47:07,160 p=53608 u=root |  TASK [This is a post task] ************************************************************
2018-08-01 11:47:07,227 p=53608 u=root |  ok: [ubuntu6] => {
    "msg": "Post task ..."
}
2018-08-01 11:47:07,256 p=53608 u=root |  ok: [ubuntu1] => {
    "msg": "Post task ..."
}
2018-08-01 11:47:07,281 p=53608 u=root |  ok: [ubuntu2] => {
    "msg": "Post task ..."
}
2018-08-01 11:47:07,282 p=53608 u=root |  ok: [ubuntu4] => {
    "msg": "Post task ..."
}
2018-08-01 11:47:07,300 p=53608 u=root |  ok: [ubuntu5] => {
    "msg": "Post task ..."
}
2018-08-01 11:47:07,316 p=53608 u=root |  ok: [ubuntu3] => {
    "msg": "Post task ..."
}
2018-08-01 11:47:07,318 p=53608 u=root |  PLAY RECAP ****************************************************************************
2018-08-01 11:47:07,318 p=53608 u=root |  ubuntu1                    : ok=4    changed=0    unreachable=0    failed=0   
2018-08-01 11:47:07,319 p=53608 u=root |  ubuntu2                    : ok=4    changed=0    unreachable=0    failed=0   
2018-08-01 11:47:07,319 p=53608 u=root |  ubuntu3                    : ok=4    changed=0    unreachable=0    failed=0   
2018-08-01 11:47:07,319 p=53608 u=root |  ubuntu4                    : ok=4    changed=0    unreachable=0    failed=0   
2018-08-01 11:47:07,319 p=53608 u=root |  ubuntu5                    : ok=4    changed=0    unreachable=0    failed=0   
2018-08-01 11:47:07,319 p=53608 u=root |  ubuntu6                    : ok=4    changed=0    unreachable=0    failed=0   
2018-08-01 12:30:21,745 p=56185 u=root |  PLAY [Demonstrate use of docker_container ansible module] *****************************
2018-08-01 12:30:21,753 p=56185 u=root |  TASK [Gathering Facts] ****************************************************************
2018-08-01 12:30:22,398 p=56185 u=root |  ok: [localhost]
2018-08-01 12:30:22,409 p=56185 u=root |  TASK [Start the ubuntu container] *****************************************************
2018-08-01 12:30:22,869 p=56185 u=root |  ok: [localhost] => (item=1)
2018-08-01 12:30:23,199 p=56185 u=root |  ok: [localhost] => (item=2)
2018-08-01 12:30:23,465 p=56185 u=root |  ok: [localhost] => (item=3)
2018-08-01 12:30:23,749 p=56185 u=root |  ok: [localhost] => (item=4)
2018-08-01 12:30:24,008 p=56185 u=root |  ok: [localhost] => (item=5)
2018-08-01 12:30:24,030 p=56185 u=root |  TASK [Start the centos container] *****************************************************
2018-08-01 12:30:24,859 p=56185 u=root |  changed: [localhost] => (item=1)
2018-08-01 12:30:25,660 p=56185 u=root |  changed: [localhost] => (item=2)
2018-08-01 12:30:26,464 p=56185 u=root |  changed: [localhost] => (item=3)
2018-08-01 12:30:27,290 p=56185 u=root |  changed: [localhost] => (item=4)
2018-08-01 12:30:28,113 p=56185 u=root |  changed: [localhost] => (item=5)
2018-08-01 12:30:28,129 p=56185 u=root |  PLAY RECAP ****************************************************************************
2018-08-01 12:30:28,129 p=56185 u=root |  localhost                  : ok=3    changed=1    unreachable=0    failed=0   
2018-08-01 12:44:31,840 p=57396 u=root |  PLAY [Demonstrate use of docker_container ansible module] *****************************
2018-08-01 12:44:31,847 p=57396 u=root |  TASK [Gathering Facts] ****************************************************************
2018-08-01 12:44:32,460 p=57396 u=root |  ok: [localhost]
2018-08-01 12:44:32,471 p=57396 u=root |  TASK [Start the ubuntu container] *****************************************************
2018-08-01 12:44:32,872 p=57396 u=root |  ok: [localhost] => (item=1)
2018-08-01 12:44:33,107 p=57396 u=root |  ok: [localhost] => (item=2)
2018-08-01 12:44:33,122 p=57396 u=root |  TASK [Remove unwanted ubuntu containers] **********************************************
2018-08-01 12:44:33,955 p=57396 u=root |  changed: [localhost] => (item=3)
2018-08-01 12:44:34,684 p=57396 u=root |  changed: [localhost] => (item=4)
2018-08-01 12:44:35,445 p=57396 u=root |  changed: [localhost] => (item=5)
2018-08-01 12:44:35,460 p=57396 u=root |  TASK [Start the centos container] *****************************************************
2018-08-01 12:44:35,754 p=57396 u=root |  ok: [localhost] => (item=1)
2018-08-01 12:44:36,007 p=57396 u=root |  ok: [localhost] => (item=2)
2018-08-01 12:44:36,025 p=57396 u=root |  TASK [Remove unwanted ubuntu containers] **********************************************
2018-08-01 12:44:36,758 p=57396 u=root |  changed: [localhost] => (item=3)
2018-08-01 12:44:37,508 p=57396 u=root |  changed: [localhost] => (item=4)
2018-08-01 12:44:38,204 p=57396 u=root |  changed: [localhost] => (item=5)
2018-08-01 12:44:38,207 p=57396 u=root |  PLAY RECAP ****************************************************************************
2018-08-01 12:44:38,207 p=57396 u=root |  localhost                  : ok=5    changed=2    unreachable=0    failed=0   
2018-08-01 16:41:34,809 p=66166 u=root |  ubuntu5 | UNREACHABLE! => {
    "changed": false, 
    "msg": "Failed to connect to the host via ssh: ssh: connect to host localhost port 2005: Connection refused\r\n", 
    "unreachable": true
}
2018-08-01 16:41:34,812 p=66166 u=root |  ubuntu4 | UNREACHABLE! => {
    "changed": false, 
    "msg": "Failed to connect to the host via ssh: ssh: connect to host localhost port 2004: Connection refused\r\n", 
    "unreachable": true
}
2018-08-01 16:41:34,813 p=66166 u=root |  ubuntu6 | UNREACHABLE! => {
    "changed": false, 
    "msg": "Failed to connect to the host via ssh: ssh: connect to host localhost port 2006: Connection refused\r\n", 
    "unreachable": true
}
2018-08-01 16:41:34,874 p=66166 u=root |  ubuntu3 | UNREACHABLE! => {
    "changed": false, 
    "msg": "Failed to connect to the host via ssh: ssh: connect to host localhost port 2003: Connection refused\r\n", 
    "unreachable": true
}
2018-08-01 16:41:35,098 p=66166 u=root |  ubuntu1 | SUCCESS => {
    "changed": false, 
    "ping": "pong"
}
2018-08-01 16:41:35,100 p=66166 u=root |  ubuntu2 | SUCCESS => {
    "changed": false, 
    "ping": "pong"
}
2018-08-02 10:46:43,165 p=72171 u=root |  ubuntu1 | SUCCESS => {
    "ansible_facts": {
        "ansible_apparmor": {
            "status": "disabled"
        }, 
        "ansible_architecture": "x86_64", 
        "ansible_bios_date": "07/02/2015", 
        "ansible_bios_version": "6.00", 
        "ansible_cmdline": {
            "BOOT_IMAGE": "/boot/vmlinuz-4.15.0-29-generic", 
            "auto": true, 
            "find_preseed": "/preseed.cfg", 
            "locale": "en_US", 
            "noprompt": true, 
            "priority": "critical", 
            "quiet": true, 
            "ro": true, 
            "root": "UUID=0a238c00-8d86-4f92-9e97-75ec48b80989"
        }, 
        "ansible_date_time": {
            "date": "2018-08-02", 
            "day": "02", 
            "epoch": "1533187003", 
            "hour": "05", 
            "iso8601": "2018-08-02T05:16:43Z", 
            "iso8601_basic": "20180802T051643058937", 
            "iso8601_basic_short": "20180802T051643", 
            "iso8601_micro": "2018-08-02T05:16:43.059003Z", 
            "minute": "16", 
            "month": "08", 
            "second": "43", 
            "time": "05:16:43", 
            "tz": "UTC", 
            "tz_offset": "+0000", 
            "weekday": "Thursday", 
            "weekday_number": "4", 
            "weeknumber": "31", 
            "year": "2018"
        }, 
        "ansible_device_links": {
            "ids": {}, 
            "labels": {}, 
            "masters": {}, 
            "uuids": {}
        }, 
        "ansible_devices": {
            "loop0": {
                "holders": [], 
                "host": "", 
                "links": {
                    "ids": [], 
                    "labels": [], 
                    "masters": [], 
                    "uuids": []
                }, 
                "model": null, 
                "partitions": {}, 
                "removable": "0", 
                "rotational": "1", 
                "sas_address": null, 
                "sas_device_handle": null, 
                "scheduler_mode": "none", 
                "sectors": "6664", 
                "sectorsize": "512", 
                "size": "3.25 MB", 
                "support_discard": "4096", 
                "vendor": null, 
                "virtual": 1
            }, 
            "loop1": {
                "holders": [], 
                "host": "", 
                "links": {
                    "ids": [], 
                    "labels": [], 
                    "masters": [], 
                    "uuids": []
                }, 
                "model": null, 
                "partitions": {}, 
                "removable": "0", 
                "rotational": "1", 
                "sas_address": null, 
                "sas_device_handle": null, 
                "scheduler_mode": "none", 
                "sectors": "177264", 
                "sectorsize": "512", 
                "size": "86.55 MB", 
                "support_discard": "4096", 
                "vendor": null, 
                "virtual": 1
            }, 
            "loop10": {
                "holders": [], 
                "host": "", 
                "links": {
                    "ids": [], 
                    "labels": [], 
                    "masters": [], 
                    "uuids": []
                }, 
                "model": null, 
                "partitions": {}, 
                "removable": "0", 
                "rotational": "1", 
                "sas_address": null, 
                "sas_device_handle": null, 
                "scheduler_mode": "none", 
                "sectors": "177928", 
                "sectorsize": "512", 
                "size": "86.88 MB", 
                "support_discard": "4096", 
                "vendor": null, 
                "virtual": 1
            }, 
            "loop11": {
                "holders": [], 
                "host": "", 
                "links": {
                    "ids": [], 
                    "labels": [], 
                    "masters": [], 
                    "uuids": []
                }, 
                "model": null, 
                "partitions": {}, 
                "removable": "0", 
                "rotational": "1", 
                "sas_address": null, 
                "sas_device_handle": null, 
                "scheduler_mode": "none", 
                "sectors": "288520", 
                "sectorsize": "512", 
                "size": "140.88 MB", 
                "support_discard": "4096", 
                "vendor": null, 
                "virtual": 1
            }, 
            "loop12": {
                "holders": [], 
                "host": "", 
                "links": {
                    "ids": [], 
                    "labels": [], 
                    "masters": [], 
                    "uuids": []
                }, 
                "model": null, 
                "partitions": {}, 
                "removable": "0", 
                "rotational": "1", 
                "sas_address": null, 
                "sas_device_handle": null, 
                "scheduler_mode": "none", 
                "sectors": "7592", 
                "sectorsize": "512", 
                "size": "3.71 MB", 
                "support_discard": "4096", 
                "vendor": null, 
                "virtual": 1
            }, 
            "loop13": {
                "holders": [], 
                "host": "", 
                "links": {
                    "ids": [], 
                    "labels": [], 
                    "masters": [], 
                    "uuids": []
                }, 
                "model": null, 
                "partitions": {}, 
                "removable": "0", 
                "rotational": "1", 
                "sas_address": null, 
                "sas_device_handle": null, 
                "scheduler_mode": "none", 
                "sectors": "0", 
                "sectorsize": "512", 
                "size": "0.00 Bytes", 
                "support_discard": "4096", 
                "vendor": null, 
                "virtual": 1
            }, 
            "loop2": {
                "holders": [], 
                "host": "", 
                "links": {
                    "ids": [], 
                    "labels": [], 
                    "masters": [], 
                    "uuids": []
                }, 
                "model": null, 
                "partitions": {}, 
                "removable": "0", 
                "rotational": "1", 
                "sas_address": null, 
                "sas_device_handle": null, 
                "scheduler_mode": "none", 
                "sectors": "42976", 
                "sectorsize": "512", 
                "size": "20.98 MB", 
                "support_discard": "4096", 
                "vendor": null, 
                "virtual": 1
            }, 
            "loop3": {
                "holders": [], 
                "host": "", 
                "links": {
                    "ids": [], 
                    "labels": [], 
                    "masters": [], 
                    "uuids": []
                }, 
                "model": null, 
                "partitions": {}, 
                "removable": "0", 
                "rotational": "1", 
                "sas_address": null, 
                "sas_device_handle": null, 
                "scheduler_mode": "none", 
                "sectors": "3304", 
                "sectorsize": "512", 
                "size": "1.61 MB", 
                "support_discard": "4096", 
                "vendor": null, 
                "virtual": 1
            }, 
            "loop4": {
                "holders": [], 
                "host": "", 
                "links": {
                    "ids": [], 
                    "labels": [], 
                    "masters": [], 
                    "uuids": []
                }, 
                "model": null, 
                "partitions": {}, 
                "removable": "0", 
                "rotational": "1", 
                "sas_address": null, 
                "sas_device_handle": null, 
                "scheduler_mode": "none", 
                "sectors": "25008", 
                "sectorsize": "512", 
                "size": "12.21 MB", 
                "support_discard": "4096", 
                "vendor": null, 
                "virtual": 1
            }, 
            "loop5": {
                "holders": [], 
                "host": "", 
                "links": {
                    "ids": [], 
                    "labels": [], 
                    "masters": [], 
                    "uuids": []
                }, 
                "model": null, 
                "partitions": {}, 
                "removable": "0", 
                "rotational": "1", 
                "sas_address": null, 
                "sas_device_handle": null, 
                "scheduler_mode": "none", 
                "sectors": "286800", 
                "sectorsize": "512", 
                "size": "140.04 MB", 
                "support_discard": "4096", 
                "vendor": null, 
                "virtual": 1
            }, 
            "loop6": {
                "holders": [], 
                "host": "", 
                "links": {
                    "ids": [], 
                    "labels": [], 
                    "masters": [], 
                    "uuids": []
                }, 
                "model": null, 
                "partitions": {}, 
                "removable": "0", 
                "rotational": "1", 
                "sas_address": null, 
                "sas_device_handle": null, 
                "scheduler_mode": "none", 
                "sectors": "26600", 
                "sectorsize": "512", 
                "size": "12.99 MB", 
                "support_discard": "4096", 
                "vendor": null, 
                "virtual": 1
            }, 
            "loop7": {
                "holders": [], 
                "host": "", 
                "links": {
                    "ids": [], 
                    "labels": [], 
                    "masters": [], 
                    "uuids": []
                }, 
                "model": null, 
                "partitions": {}, 
                "removable": "0", 
                "rotational": "1", 
                "sas_address": null, 
                "sas_device_handle": null, 
                "scheduler_mode": "none", 
                "sectors": "29680", 
                "sectorsize": "512", 
                "size": "14.49 MB", 
                "support_discard": "4096", 
                "vendor": null, 
                "virtual": 1
            }, 
            "loop8": {
                "holders": [], 
                "host": "", 
                "links": {
                    "ids": [], 
                    "labels": [], 
                    "masters": [], 
                    "uuids": []
                }, 
                "model": null, 
                "partitions": {}, 
                "removable": "0", 
                "rotational": "1", 
                "sas_address": null, 
                "sas_device_handle": null, 
                "scheduler_mode": "none", 
                "sectors": "4752", 
                "sectorsize": "512", 
                "size": "2.32 MB", 
                "support_discard": "4096", 
                "vendor": null, 
                "virtual": 1
            }, 
            "loop9": {
                "holders": [], 
                "host": "", 
                "links": {
                    "ids": [], 
                    "labels": [], 
                    "masters": [], 
                    "uuids": []
                }, 
                "model": null, 
                "partitions": {}, 
                "removable": "0", 
                "rotational": "1", 
                "sas_address": null, 
                "sas_device_handle": null, 
                "scheduler_mode": "none", 
                "sectors": "365000", 
                "sectorsize": "512", 
                "size": "178.22 MB", 
                "support_discard": "4096", 
                "vendor": null, 
                "virtual": 1
            }, 
            "sda": {
                "holders": [], 
                "host": "", 
                "links": {
                    "ids": [], 
                    "labels": [], 
                    "masters": [], 
                    "uuids": []
                }, 
                "model": "VMware Virtual S", 
                "partitions": {
                    "sda1": {
                        "holders": [], 
                        "links": {
                            "ids": [], 
                            "labels": [], 
                            "masters": [], 
                            "uuids": []
                        }, 
                        "sectors": "41938944", 
                        "sectorsize": 512, 
                        "size": "20.00 GB", 
                        "start": "2048", 
                        "uuid": null
                    }
                }, 
                "removable": "0", 
                "rotational": "1", 
                "sas_address": null, 
                "sas_device_handle": null, 
                "scheduler_mode": "cfq", 
                "sectors": "41943040", 
                "sectorsize": "512", 
                "size": "20.00 GB", 
                "support_discard": "0", 
                "vendor": "VMware,", 
                "virtual": 1
            }, 
            "sr0": {
                "holders": [], 
                "host": "", 
                "links": {
                    "ids": [], 
                    "labels": [], 
                    "masters": [], 
                    "uuids": []
                }, 
                "model": "VMware SATA CD01", 
                "partitions": {}, 
                "removable": "1", 
                "rotational": "1", 
                "sas_address": null, 
                "sas_device_handle": null, 
                "scheduler_mode": "cfq", 
                "sectors": "2097151", 
                "sectorsize": "512", 
                "size": "1024.00 MB", 
                "support_discard": "0", 
                "vendor": "NECVMWar", 
                "virtual": 1
            }
        }, 
        "ansible_distribution": "Ubuntu", 
        "ansible_distribution_file_parsed": true, 
        "ansible_distribution_file_path": "/etc/os-release", 
        "ansible_distribution_file_variety": "Debian", 
        "ansible_distribution_major_version": "16", 
        "ansible_distribution_release": "xenial", 
        "ansible_distribution_version": "16.04", 
        "ansible_dns": {
            "nameservers": [
                "8.8.8.8", 
                "8.8.4.4"
            ], 
            "search": [
                "localdomain"
            ]
        }, 
        "ansible_domain": "", 
        "ansible_effective_group_id": 0, 
        "ansible_effective_user_id": 0, 
        "ansible_env": {
            "HOME": "/root", 
            "LANG": "C", 
            "LC_ALL": "C", 
            "LC_CTYPE": "en_US.UTF-8", 
            "LC_MESSAGES": "C", 
            "LOGNAME": "root", 
            "MAIL": "/var/mail/root", 
            "PATH": "/usr/local/sbin:/usr/local/bin:/usr/sbin:/usr/bin:/sbin:/bin:/usr/games:/usr/local/games", 
            "PWD": "/root", 
            "SHELL": "/bin/bash", 
            "SHLVL": "1", 
            "SSH_CLIENT": "172.17.0.1 36036 22", 
            "SSH_CONNECTION": "172.17.0.1 36036 172.17.0.2 22", 
            "SSH_TTY": "/dev/pts/0", 
            "TERM": "xterm-256color", 
            "USER": "root", 
            "_": "/bin/sh"
        }, 
        "ansible_fips": false, 
        "ansible_form_factor": "Other", 
        "ansible_fqdn": "ubuntu1", 
        "ansible_hostname": "ubuntu1", 
        "ansible_is_chroot": false, 
        "ansible_kernel": "4.15.0-29-generic", 
        "ansible_local": {}, 
        "ansible_lsb": {
            "codename": "xenial", 
            "description": "Ubuntu 16.04.4 LTS", 
            "id": "Ubuntu", 
            "major_release": "16", 
            "release": "16.04"
        }, 
        "ansible_machine": "x86_64", 
        "ansible_memfree_mb": 3510, 
        "ansible_memory_mb": {
            "nocache": {
                "free": 5770, 
                "used": 2183
            }, 
            "real": {
                "free": 3510, 
                "total": 7953, 
                "used": 4443
            }, 
            "swap": {
                "cached": 0, 
                "free": 947, 
                "total": 947, 
                "used": 0
            }
        }, 
        "ansible_memtotal_mb": 7953, 
        "ansible_mounts": [
            {
                "block_available": 1000975, 
                "block_size": 4096, 
                "block_total": 5127316, 
                "block_used": 4126341, 
                "device": "/dev/sda1", 
                "fstype": "ext4", 
                "inode_available": 891522, 
                "inode_total": 1310720, 
                "inode_used": 419198, 
                "mount": "/etc/resolv.conf", 
                "options": "rw,relatime,errors=remount-ro,data=ordered,bind", 
                "size_available": 4099993600, 
                "size_total": 21001486336, 
                "uuid": "N/A"
            }, 
            {
                "block_available": 1000975, 
                "block_size": 4096, 
                "block_total": 5127316, 
                "block_used": 4126341, 
                "device": "/dev/sda1", 
                "fstype": "ext4", 
                "inode_available": 891522, 
                "inode_total": 1310720, 
                "inode_used": 419198, 
                "mount": "/etc/hostname", 
                "options": "rw,relatime,errors=remount-ro,data=ordered,bind", 
                "size_available": 4099993600, 
                "size_total": 21001486336, 
                "uuid": "N/A"
            }, 
            {
                "block_available": 1000975, 
                "block_size": 4096, 
                "block_total": 5127316, 
                "block_used": 4126341, 
                "device": "/dev/sda1", 
                "fstype": "ext4", 
                "inode_available": 891522, 
                "inode_total": 1310720, 
                "inode_used": 419198, 
                "mount": "/etc/hosts", 
                "options": "rw,relatime,errors=remount-ro,data=ordered,bind", 
                "size_available": 4099993600, 
                "size_total": 21001486336, 
                "uuid": "N/A"
            }
        ], 
        "ansible_nodename": "ubuntu1", 
        "ansible_os_family": "Debian", 
        "ansible_pkg_mgr": "apt", 
        "ansible_processor": [
            "0", 
            "GenuineIntel", 
            "Intel(R) Core(TM) i7-7820HQ CPU @ 2.90GHz", 
            "1", 
            "GenuineIntel", 
            "Intel(R) Core(TM) i7-7820HQ CPU @ 2.90GHz", 
            "2", 
            "GenuineIntel", 
            "Intel(R) Core(TM) i7-7820HQ CPU @ 2.90GHz", 
            "3", 
            "GenuineIntel", 
            "Intel(R) Core(TM) i7-7820HQ CPU @ 2.90GHz"
        ], 
        "ansible_processor_cores": 1, 
        "ansible_processor_count": 4, 
        "ansible_processor_threads_per_core": 1, 
        "ansible_processor_vcpus": 4, 
        "ansible_product_name": "VMware Virtual Platform", 
        "ansible_product_serial": "VMware-56 4d c7 49 1c 8d 11 96-a6 4e e7 b4 13 55 61 b1", 
        "ansible_product_uuid": "49C74D56-8D1C-9611-A64E-E7B4135561B1", 
        "ansible_product_version": "None", 
        "ansible_python": {
            "executable": "/usr/bin/python", 
            "has_sslcontext": true, 
            "type": "CPython", 
            "version": {
                "major": 2, 
                "micro": 12, 
                "minor": 7, 
                "releaselevel": "final", 
                "serial": 0
            }, 
            "version_info": [
                2, 
                7, 
                12, 
                "final", 
                0
            ]
        }, 
        "ansible_python_version": "2.7.12", 
        "ansible_real_group_id": 0, 
        "ansible_real_user_id": 0, 
        "ansible_selinux": {
            "status": "Missing selinux Python library"
        }, 
        "ansible_selinux_python_present": false, 
        "ansible_service_mgr": "sshd", 
        "ansible_ssh_host_key_dsa_public": "AAAAB3NzaC1kc3MAAACBAJyrjyvW4aeQ/ADen/IiN8nXUU9IqdqM+VAkqxecikM/VR47HjNf5J04Q40wvfr7g5XSfiVc5uRYkz8Srd4n5MLCWxz6EDYG10Oogv/GfooPodUowFd1TvD0Tywl8Hrc9RPofSXMIrAVP4g6F7FKoFCB65NjY4p2Hks7aKHEAYdlAAAAFQCgvvnBMwxP69GGB7mMcnD+lCK2oQAAAIBn7wpEH4/fI7ldmjyDgNhVP2xFBdVGtuoHlb43XCMUkVMzvPtcj4kkBIr5IwrKFkCJmbCkSLdGRuW3qmKjjAwTiFbtFkZwVA9lv/SlEfEj772/OdBKukratE1L5e3bN98arLUqfXG5Bfn+523GqJ3usP48j/cNMvG51b4CzJ+yvgAAAIBP2plT1Mm5I9sYD/YZ7t8PmTA69F2ctzg7hN1OrYPcN8ToqbdYVuF8Vt+9YBtnrjo1tu7SRWRA+ev8AS9+bEEevuiOoO5+zjAMjVI650yqd92aneWLDPJZlT9fUlTUOeNh509uXowhHp9OWDuZs3cIQEi70PRin9RiooDjgvIaOA==", 
        "ansible_ssh_host_key_ecdsa_public": "AAAAE2VjZHNhLXNoYTItbmlzdHAyNTYAAAAIbmlzdHAyNTYAAABBBEtpIUGKTz/Bppb23VxKXZEGP3D86Fu7raburcHC/JrA4aY81CaslCBMAx8C39+1lrfr4sQMO3c1qL8MLAzYPn0=", 
        "ansible_ssh_host_key_ed25519_public": "AAAAC3NzaC1lZDI1NTE5AAAAIE4/x0+a3SzZmRg7D2cIc148yWpHYzhTFDkKtS9XLBd1", 
        "ansible_ssh_host_key_rsa_public": "AAAAB3NzaC1yc2EAAAADAQABAAABAQDvjGC9p4vceaPc2kF3aZDQKZvf3Miu+SFQ1aALaGMv2PSIaTcZZJNKAeSQbV13LjYKCSHqMCe8iliuxxG9sVKB2OWrcAo+qpsFCKipWu5HJDNk8dTO3jivQBVfttwYSBGS4phmP1vOACPHob+LSOyWeYw8nAkBqng5ri8hy/ifekLmctubhr3tyguCYBu1kMpsZUJKXVbnHhE+vyYOArxrAOQh4YU4167pqEvZVBCjamlP6bzcFSvjtN/GnJGyfPFb1Lu5nxKfiJwzVzij/wjmiCH67kV8ZcuJQXR4n721+zure7AGvBSGxNJ3chEHFgVrLy5DhaEDEAeNfjAB0hhZ", 
        "ansible_swapfree_mb": 947, 
        "ansible_swaptotal_mb": 947, 
        "ansible_system": "Linux", 
        "ansible_system_capabilities": [
            "cap_chown", 
            "cap_dac_override", 
            "cap_fowner", 
            "cap_fsetid", 
            "cap_kill", 
            "cap_setgid", 
            "cap_setuid", 
            "cap_setpcap", 
            "cap_net_bind_service", 
            "cap_net_raw", 
            "cap_sys_chroot", 
            "cap_mknod", 
            "cap_audit_write", 
            "cap_setfcap+eip"
        ], 
        "ansible_system_capabilities_enforced": "True", 
        "ansible_system_vendor": "VMware, Inc.", 
        "ansible_uptime_seconds": 86752, 
        "ansible_user_dir": "/root", 
        "ansible_user_gecos": "root", 
        "ansible_user_gid": 0, 
        "ansible_user_id": "root", 
        "ansible_user_shell": "/bin/bash", 
        "ansible_user_uid": 0, 
        "ansible_userspace_architecture": "x86_64", 
        "ansible_userspace_bits": "64", 
        "ansible_virtualization_role": "guest", 
        "ansible_virtualization_type": "docker", 
        "gather_subset": [
            "all"
        ], 
        "module_setup": true
    }, 
    "changed": false
}
2018-08-02 14:41:54,378 p=117787 u=root |  PLAY [Demonstrate use of docker_container ansible module] ****************************************
2018-08-02 14:41:54,386 p=117787 u=root |  TASK [Gathering Facts] ***************************************************************************
2018-08-02 14:41:54,964 p=117787 u=root |  ok: [localhost]
2018-08-02 14:41:54,974 p=117787 u=root |  TASK [Start the ubuntu container] ****************************************************************
2018-08-02 14:41:55,961 p=117787 u=root |  changed: [localhost] => (item=1)
2018-08-02 14:41:56,747 p=117787 u=root |  changed: [localhost] => (item=2)
2018-08-02 14:41:56,765 p=117787 u=root |  TASK [Remove unwanted ubuntu containers] *********************************************************
2018-08-02 14:41:57,036 p=117787 u=root |  ok: [localhost] => (item=3)
2018-08-02 14:41:57,270 p=117787 u=root |  ok: [localhost] => (item=4)
2018-08-02 14:41:57,507 p=117787 u=root |  ok: [localhost] => (item=5)
2018-08-02 14:41:57,523 p=117787 u=root |  TASK [Start the centos container] ****************************************************************
2018-08-02 14:41:58,352 p=117787 u=root |  changed: [localhost] => (item=1)
2018-08-02 14:41:59,151 p=117787 u=root |  changed: [localhost] => (item=2)
2018-08-02 14:41:59,168 p=117787 u=root |  TASK [Remove unwanted ubuntu containers] *********************************************************
2018-08-02 14:41:59,433 p=117787 u=root |  ok: [localhost] => (item=3)
2018-08-02 14:41:59,676 p=117787 u=root |  ok: [localhost] => (item=4)
2018-08-02 14:41:59,911 p=117787 u=root |  ok: [localhost] => (item=5)
2018-08-02 14:41:59,914 p=117787 u=root |  PLAY RECAP ***************************************************************************************
2018-08-02 14:41:59,914 p=117787 u=root |  localhost                  : ok=5    changed=2    unreachable=0    failed=0   
